c:\users\robin\documents\cau\courses\processing\equationresolver\equationresolver\equationresolver\x64\release\vc140.pdb
c:\users\robin\documents\cau\courses\processing\equationresolver\equationresolver\equationresolver\x64\release\resolver.obj
c:\users\robin\documents\cau\courses\processing\equationresolver\equationresolver\equationresolver\x64\release\stack.obj
c:\users\robin\documents\cau\courses\processing\equationresolver\equationresolver\equationresolver\x64\release\operationobject.obj
c:\users\robin\documents\cau\courses\processing\equationresolver\equationresolver\equationresolver\x64\release\main.obj
c:\users\robin\documents\cau\courses\processing\equationresolver\equationresolver\equationresolver\x64\release\labelpoints.obj
c:\users\robin\documents\cau\courses\processing\equationresolver\equationresolver\equationresolver\x64\release\equationpicturecutter.obj
c:\users\robin\documents\cau\courses\processing\equationresolver\equationresolver\equationresolver\x64\release\equationpicture.obj
c:\users\robin\documents\cau\courses\processing\equationresolver\equationresolver\equationresolver\x64\release\equationobject.obj
c:\users\robin\documents\cau\courses\processing\equationresolver\equationresolver\equationresolver\x64\release\eqpoints.obj
c:\users\robin\documents\cau\courses\processing\equationresolver\equationresolver\equationresolver\x64\release\color.obj
c:\users\robin\documents\cau\courses\processing\equationresolver\equationresolver\equationresolver\x64\release\checkobjecttype.obj
c:\users\robin\documents\cau\courses\processing\equationresolver\equationresolver\equationresolver\x64\release\equationoperator.obj
c:\users\robin\documents\cau\courses\processing\equationresolver\equationresolver\x64\release\equationresolver.exe
c:\users\robin\documents\cau\courses\processing\equationresolver\equationresolver\x64\release\equationresolver.ipdb
c:\users\robin\documents\cau\courses\processing\equationresolver\equationresolver\x64\release\equationresolver.iobj
c:\users\robin\documents\cau\courses\processing\equationresolver\equationresolver\x64\release\equationresolver.pdb
c:\users\robin\documents\cau\courses\processing\equationresolver\equationresolver\equationresolver\x64\release\equationresolver.tlog\cl.command.1.tlog
c:\users\robin\documents\cau\courses\processing\equationresolver\equationresolver\equationresolver\x64\release\equationresolver.tlog\cl.read.1.tlog
c:\users\robin\documents\cau\courses\processing\equationresolver\equationresolver\equationresolver\x64\release\equationresolver.tlog\cl.write.1.tlog
c:\users\robin\documents\cau\courses\processing\equationresolver\equationresolver\equationresolver\x64\release\equationresolver.tlog\link.command.1.tlog
c:\users\robin\documents\cau\courses\processing\equationresolver\equationresolver\equationresolver\x64\release\equationresolver.tlog\link.read.1.tlog
c:\users\robin\documents\cau\courses\processing\equationresolver\equationresolver\equationresolver\x64\release\equationresolver.tlog\link.write.1.tlog
